commas_DOC_1.txt found 1 times (hash:0xe1cb7b)
check_DOC_1.txt found 1 times (hash:0x1cac079)
with_DOC_1.txt found 1 times (hash:0x2319877)
a_DOC_1.txt found 11 times (hash:0x2356afc)
case_DOC_1.txt found 1 times (hash:0x2c46db7)
hello_DOC_1.txt found 6 times (hash:0x2fda7cf)
easy_DOC_1.txt found 1 times (hash:0x309ad8d)
is_DOC_1.txt found 1 times (hash:0x3443657)
clown_DOC_1.txt found 3 times (hash:0x394de5e)
clown_DOC_2.txt found 3 times (hash:0x3a6f6df)
an_DOC_1.txt found 1 times (hash:0x417bf8a)
stuff_DOC_1.txt found 1 times (hash:0x4a52103)
without_DOC_1.txt found 1 times (hash:0x56be5af)
text_DOC_1.txt found 1 times (hash:0x59127a0)
any_DOC_1.txt found 1 times (hash:0x60aa9a3)
and_DOC_1.txt found 1 times (hash:0x69ace4e)
this_DOC_1.txt found 1 times (hash:0x6a094b3)
message_DOC_1.txt found 1 times (hash:0x762f520)
test_DOC_1.txt found 2 times (hash:0x76fc2bb)
dsdsdsdsdsds_DOC_tolstoj_check.txt found 1 times (hash:0x77f5800)
there_DOC_1.txt found 1 times (hash:0x8ad0a73)
a found 11 times (hash:0x589)
an found 1 times (hash:0xb717)
is found 1 times (hash:0xb824)
and found 1 times (hash:0x179a5b)
any found 1 times (hash:0x179a70)
commas found 1 times (hash:0x11ed9c8)
check found 1 times (hash:0x22f94c6)
clown found 7 times (hash:0x231f36b)
hello found 6 times (hash:0x288891c)
case found 1 times (hash:0x30bc984)
easy found 1 times (hash:0x30ce25a)
test found 2 times (hash:0x3152d08)
text found 1 times (hash:0x3152dad)
this found 1 times (hash:0x3153880)
with found 1 times (hash:0x316e344)
stuff found 1 times (hash:0x357f5d0)
there found 1 times (hash:0x3633740)
dsdsdsdsdsds found 1 times (hash:0x3fc9bf2)
message found 1 times (hash:0x60585ad)
without found 1 times (hash:0x755a2fc)